<?xml version="1.0" encoding="UTF-8"?>
<!-- Generated by org.testng.reporters.JUnitXMLReporter -->
<testsuite hostname="BDC7-L-5PDPMC2" ignored="0" name="FreeCRM" tests="4" failures="0" timestamp="27 Feb 2020 11:23:24 GMT" time="114.018" errors="0">
  <testcase name="login" time="2.52" classname="com.qa.testcases.LoginTest"/>
  <testcase name="verifyPageTitle" time="0.027" classname="com.qa.testcases.LoginTest"/>
  <testcase name="clickonContacts" time="6.973" classname="com.qa.testcases.ContactsTest"/>
  <testcase name="createContacts" time="13.961" classname="com.qa.testcases.ContactsTest"/>
</testsuite> <!-- FreeCRM -->
