<?xml version="1.0" encoding="UTF-8"?>
<testng-results skipped="0" failed="0" ignored="0" total="4" passed="4">
  <reporter-output>
  </reporter-output>
  <suite name="FreeCRMUI" duration-ms="114018" started-at="2020-02-27T11:21:30Z" finished-at="2020-02-27T11:23:24Z">
    <groups>
    </groups>
    <test name="FreeCRM" duration-ms="114018" started-at="2020-02-27T11:21:30Z" finished-at="2020-02-27T11:23:24Z">
      <class name="com.qa.testcases.ContactsTest">
        <test-method status="PASS" signature="setUp()[pri:0, instance:com.qa.testcases.ContactsTest@69ea3742]" name="setUp" is-config="true" duration-ms="21126" started-at="2020-02-27T11:22:19Z" finished-at="2020-02-27T11:22:40Z">
          <reporter-output>
          </reporter-output>
        </test-method> <!-- setUp -->
        <test-method status="PASS" signature="clickonContacts()[pri:0, instance:com.qa.testcases.ContactsTest@69ea3742]" name="clickonContacts" duration-ms="6973" started-at="2020-02-27T11:22:40Z" finished-at="2020-02-27T11:22:47Z">
          <reporter-output>
          </reporter-output>
        </test-method> <!-- clickonContacts -->
        <test-method status="PASS" signature="tearDown()[pri:0, instance:com.qa.testcases.ContactsTest@69ea3742]" name="tearDown" is-config="true" duration-ms="286" started-at="2020-02-27T11:22:47Z" finished-at="2020-02-27T11:22:47Z">
          <reporter-output>
          </reporter-output>
        </test-method> <!-- tearDown -->
        <test-method status="PASS" signature="setUp()[pri:0, instance:com.qa.testcases.ContactsTest@69ea3742]" name="setUp" is-config="true" duration-ms="22848" started-at="2020-02-27T11:22:47Z" finished-at="2020-02-27T11:23:10Z">
          <reporter-output>
          </reporter-output>
        </test-method> <!-- setUp -->
        <test-method status="PASS" signature="createContacts()[pri:0, instance:com.qa.testcases.ContactsTest@69ea3742]" name="createContacts" duration-ms="13961" started-at="2020-02-27T11:23:10Z" finished-at="2020-02-27T11:23:24Z">
          <reporter-output>
          </reporter-output>
        </test-method> <!-- createContacts -->
        <test-method status="PASS" signature="tearDown()[pri:0, instance:com.qa.testcases.ContactsTest@69ea3742]" name="tearDown" is-config="true" duration-ms="299" started-at="2020-02-27T11:23:24Z" finished-at="2020-02-27T11:23:24Z">
          <reporter-output>
          </reporter-output>
        </test-method> <!-- tearDown -->
      </class> <!-- com.qa.testcases.ContactsTest -->
      <class name="com.qa.testcases.LoginTest">
        <test-method status="PASS" signature="getTestData()[pri:0, instance:com.qa.testcases.LoginTest@5702b3b1]" name="getTestData" is-config="true" duration-ms="566" started-at="2020-02-27T11:21:30Z" finished-at="2020-02-27T11:21:31Z">
          <reporter-output>
          </reporter-output>
        </test-method> <!-- getTestData -->
        <test-method status="PASS" signature="setUp()[pri:0, instance:com.qa.testcases.LoginTest@5702b3b1]" name="setUp" is-config="true" duration-ms="23546" started-at="2020-02-27T11:21:31Z" finished-at="2020-02-27T11:21:54Z">
          <reporter-output>
          </reporter-output>
        </test-method> <!-- setUp -->
        <test-method status="PASS" signature="login()[pri:0, instance:com.qa.testcases.LoginTest@5702b3b1]" name="login" duration-ms="2520" started-at="2020-02-27T11:21:54Z" finished-at="2020-02-27T11:21:57Z">
          <reporter-output>
          </reporter-output>
        </test-method> <!-- login -->
        <test-method status="PASS" signature="tearDown()[pri:0, instance:com.qa.testcases.LoginTest@5702b3b1]" name="tearDown" is-config="true" duration-ms="711" started-at="2020-02-27T11:21:57Z" finished-at="2020-02-27T11:21:58Z">
          <reporter-output>
          </reporter-output>
        </test-method> <!-- tearDown -->
        <test-method status="PASS" signature="setUp()[pri:0, instance:com.qa.testcases.LoginTest@5702b3b1]" name="setUp" is-config="true" duration-ms="20907" started-at="2020-02-27T11:21:58Z" finished-at="2020-02-27T11:22:19Z">
          <reporter-output>
          </reporter-output>
        </test-method> <!-- setUp -->
        <test-method status="PASS" signature="verifyPageTitle()[pri:0, instance:com.qa.testcases.LoginTest@5702b3b1]" name="verifyPageTitle" duration-ms="27" started-at="2020-02-27T11:22:19Z" finished-at="2020-02-27T11:22:19Z">
          <reporter-output>
          </reporter-output>
        </test-method> <!-- verifyPageTitle -->
        <test-method status="PASS" signature="tearDown()[pri:0, instance:com.qa.testcases.LoginTest@5702b3b1]" name="tearDown" is-config="true" duration-ms="208" started-at="2020-02-27T11:22:19Z" finished-at="2020-02-27T11:22:19Z">
          <reporter-output>
          </reporter-output>
        </test-method> <!-- tearDown -->
      </class> <!-- com.qa.testcases.LoginTest -->
    </test> <!-- FreeCRM -->
  </suite> <!-- FreeCRMUI -->
</testng-results>
