<?xml version="1.0" encoding="UTF-8"?>
<testng-results skipped="0" failed="1" ignored="0" total="4" passed="3">
  <reporter-output>
  </reporter-output>
  <suite name="FreeCRMUI" duration-ms="152623" started-at="2020-02-08T17:11:44Z" finished-at="2020-02-08T17:14:17Z">
    <groups>
    </groups>
    <test name="FreeCRM" duration-ms="152623" started-at="2020-02-08T17:11:44Z" finished-at="2020-02-08T17:14:17Z">
      <class name="com.qa.testcases.ContactsTest">
        <test-method status="PASS" signature="setUp()[pri:0, instance:com.qa.testcases.ContactsTest@5702b3b1]" name="setUp" is-config="true" duration-ms="21572" started-at="2020-02-08T17:12:30Z" finished-at="2020-02-08T17:12:51Z">
          <reporter-output>
          </reporter-output>
        </test-method> <!-- setUp -->
        <test-method status="PASS" signature="clickonContacts()[pri:0, instance:com.qa.testcases.ContactsTest@5702b3b1]" name="clickonContacts" duration-ms="6525" started-at="2020-02-08T17:12:51Z" finished-at="2020-02-08T17:12:58Z">
          <reporter-output>
          </reporter-output>
        </test-method> <!-- clickonContacts -->
        <test-method status="PASS" signature="tearDown()[pri:0, instance:com.qa.testcases.ContactsTest@5702b3b1]" name="tearDown" is-config="true" duration-ms="368" started-at="2020-02-08T17:12:58Z" finished-at="2020-02-08T17:12:58Z">
          <reporter-output>
          </reporter-output>
        </test-method> <!-- tearDown -->
        <test-method status="PASS" signature="setUp()[pri:0, instance:com.qa.testcases.ContactsTest@5702b3b1]" name="setUp" is-config="true" duration-ms="23291" started-at="2020-02-08T17:12:58Z" finished-at="2020-02-08T17:13:21Z">
          <reporter-output>
          </reporter-output>
        </test-method> <!-- setUp -->
        <test-method status="FAIL" signature="createContacts()[pri:0, instance:com.qa.testcases.ContactsTest@5702b3b1]" name="createContacts" duration-ms="40003" started-at="2020-02-08T17:13:21Z" finished-at="2020-02-08T17:14:01Z">
          <exception class="org.openqa.selenium.NoSuchElementException">
            <message>
              <![CDATA[no such element: Unable to locate element: {"method":"css selector","selector":"*[name='first_name']"}
  (Session info: chrome=79.0.3945.130)
For documentation on this error, please visit: https://www.seleniumhq.org/exceptions/no_such_element.html
Build info: version: '4.0.0-alpha-3', revision: '8c567de6dc'
System info: host: 'BDC7-L-5PDPMC2', ip: '192.168.0.107', os.name: 'Windows 10', os.arch: 'amd64', os.version: '10.0', java.version: '1.8.0_231'
Driver info: org.openqa.selenium.chrome.ChromeDriver
Capabilities {acceptInsecureCerts: false, browserName: chrome, browserVersion: 79.0.3945.130, chrome: {chromedriverVersion: 79.0.3945.36 (3582db32b3389..., userDataDir: C:\Users\madhavi.di\AppData...}, goog:chromeOptions: {debuggerAddress: localhost:59783}, javascriptEnabled: true, networkConnectionEnabled: false, pageLoadStrategy: normal, platform: WINDOWS, platformName: WINDOWS, proxy: Proxy(), setWindowRect: true, strictFileInteractability: false, timeouts: {implicit: 0, pageLoad: 300000, script: 30000}, unhandledPromptBehavior: dismiss and notify}
Session ID: 3919b981c85a5119e135509116cc0e5d
*** Element info: {Using=name, value=first_name}]]>
            </message>
            <full-stacktrace>
              <![CDATA[org.openqa.selenium.NoSuchElementException: no such element: Unable to locate element: {"method":"css selector","selector":"*[name='first_name']"}
  (Session info: chrome=79.0.3945.130)
For documentation on this error, please visit: https://www.seleniumhq.org/exceptions/no_such_element.html
Build info: version: '4.0.0-alpha-3', revision: '8c567de6dc'
System info: host: 'BDC7-L-5PDPMC2', ip: '192.168.0.107', os.name: 'Windows 10', os.arch: 'amd64', os.version: '10.0', java.version: '1.8.0_231'
Driver info: org.openqa.selenium.chrome.ChromeDriver
Capabilities {acceptInsecureCerts: false, browserName: chrome, browserVersion: 79.0.3945.130, chrome: {chromedriverVersion: 79.0.3945.36 (3582db32b3389..., userDataDir: C:\Users\madhavi.di\AppData...}, goog:chromeOptions: {debuggerAddress: localhost:59783}, javascriptEnabled: true, networkConnectionEnabled: false, pageLoadStrategy: normal, platform: WINDOWS, platformName: WINDOWS, proxy: Proxy(), setWindowRect: true, strictFileInteractability: false, timeouts: {implicit: 0, pageLoad: 300000, script: 30000}, unhandledPromptBehavior: dismiss and notify}
Session ID: 3919b981c85a5119e135509116cc0e5d
*** Element info: {Using=name, value=first_name}
at sun.reflect.NativeConstructorAccessorImpl.newInstance0(Native Method)
at sun.reflect.NativeConstructorAccessorImpl.newInstance(NativeConstructorAccessorImpl.java:62)
at sun.reflect.DelegatingConstructorAccessorImpl.newInstance(DelegatingConstructorAccessorImpl.java:45)
at java.lang.reflect.Constructor.newInstance(Constructor.java:423)
at org.openqa.selenium.remote.codec.w3c.W3CHttpResponseCodec.createException(W3CHttpResponseCodec.java:191)
at org.openqa.selenium.remote.codec.w3c.W3CHttpResponseCodec.decode(W3CHttpResponseCodec.java:125)
at org.openqa.selenium.remote.codec.w3c.W3CHttpResponseCodec.decode(W3CHttpResponseCodec.java:52)
at org.openqa.selenium.remote.HttpCommandExecutor.execute(HttpCommandExecutor.java:161)
at org.openqa.selenium.remote.service.DriverCommandExecutor.execute(DriverCommandExecutor.java:83)
at org.openqa.selenium.remote.RemoteWebDriver.execute(RemoteWebDriver.java:576)
at org.openqa.selenium.remote.RemoteWebDriver.findElement(RemoteWebDriver.java:327)
at org.openqa.selenium.remote.RemoteWebDriver.findElementByName(RemoteWebDriver.java:415)
at org.openqa.selenium.By$ByName.findElement(By.java:313)
at org.openqa.selenium.remote.RemoteWebDriver.findElement(RemoteWebDriver.java:319)
at org.openqa.selenium.support.pagefactory.DefaultElementLocator.findElement(DefaultElementLocator.java:70)
at org.openqa.selenium.support.pagefactory.internal.LocatingElementHandler.invoke(LocatingElementHandler.java:39)
at com.sun.proxy.$Proxy10.sendKeys(Unknown Source)
at com.qa.pages.ContactsPage.createNewContacts(ContactsPage.java:66)
at com.qa.testcases.ContactsTest.createContacts(ContactsTest.java:71)
at sun.reflect.NativeMethodAccessorImpl.invoke0(Native Method)
at sun.reflect.NativeMethodAccessorImpl.invoke(NativeMethodAccessorImpl.java:62)
at sun.reflect.DelegatingMethodAccessorImpl.invoke(DelegatingMethodAccessorImpl.java:43)
at java.lang.reflect.Method.invoke(Method.java:498)
at org.testng.internal.MethodInvocationHelper.invokeMethod(MethodInvocationHelper.java:124)
at org.testng.internal.Invoker.invokeMethod(Invoker.java:583)
at org.testng.internal.Invoker.invokeTestMethod(Invoker.java:719)
at org.testng.internal.Invoker.invokeTestMethods(Invoker.java:989)
at org.testng.internal.TestMethodWorker.invokeTestMethods(TestMethodWorker.java:125)
at org.testng.internal.TestMethodWorker.run(TestMethodWorker.java:109)
at org.testng.TestRunner.privateRun(TestRunner.java:648)
at org.testng.TestRunner.run(TestRunner.java:505)
at org.testng.SuiteRunner.runTest(SuiteRunner.java:455)
at org.testng.SuiteRunner.runSequentially(SuiteRunner.java:450)
at org.testng.SuiteRunner.privateRun(SuiteRunner.java:415)
at org.testng.SuiteRunner.run(SuiteRunner.java:364)
at org.testng.SuiteRunnerWorker.runSuite(SuiteRunnerWorker.java:52)
at org.testng.SuiteRunnerWorker.run(SuiteRunnerWorker.java:84)
at org.testng.TestNG.runSuitesSequentially(TestNG.java:1208)
at org.testng.TestNG.runSuitesLocally(TestNG.java:1137)
at org.testng.TestNG.runSuites(TestNG.java:1049)
at org.testng.TestNG.run(TestNG.java:1017)
at org.testng.remote.AbstractRemoteTestNG.run(AbstractRemoteTestNG.java:114)
at org.testng.remote.RemoteTestNG.initAndRun(RemoteTestNG.java:251)
at org.testng.remote.RemoteTestNG.main(RemoteTestNG.java:77)
]]>
            </full-stacktrace>
          </exception> <!-- org.openqa.selenium.NoSuchElementException -->
          <reporter-output>
          </reporter-output>
        </test-method> <!-- createContacts -->
        <test-method status="PASS" signature="tearDown()[pri:0, instance:com.qa.testcases.ContactsTest@5702b3b1]" name="tearDown" is-config="true" duration-ms="322" started-at="2020-02-08T17:14:16Z" finished-at="2020-02-08T17:14:17Z">
          <reporter-output>
          </reporter-output>
        </test-method> <!-- tearDown -->
      </class> <!-- com.qa.testcases.ContactsTest -->
      <class name="com.qa.testcases.LoginTest">
        <test-method status="PASS" signature="getTestData()[pri:0, instance:com.qa.testcases.LoginTest@25bbe1b6]" name="getTestData" is-config="true" duration-ms="450" started-at="2020-02-08T17:11:44Z" finished-at="2020-02-08T17:11:44Z">
          <reporter-output>
          </reporter-output>
        </test-method> <!-- getTestData -->
        <test-method status="PASS" signature="setUp()[pri:0, instance:com.qa.testcases.LoginTest@25bbe1b6]" name="setUp" is-config="true" duration-ms="22055" started-at="2020-02-08T17:11:44Z" finished-at="2020-02-08T17:12:06Z">
          <reporter-output>
          </reporter-output>
        </test-method> <!-- setUp -->
        <test-method status="PASS" signature="login()[pri:0, instance:com.qa.testcases.LoginTest@25bbe1b6]" name="login" duration-ms="2509" started-at="2020-02-08T17:12:06Z" finished-at="2020-02-08T17:12:09Z">
          <reporter-output>
          </reporter-output>
        </test-method> <!-- login -->
        <test-method status="PASS" signature="tearDown()[pri:0, instance:com.qa.testcases.LoginTest@25bbe1b6]" name="tearDown" is-config="true" duration-ms="407" started-at="2020-02-08T17:12:09Z" finished-at="2020-02-08T17:12:09Z">
          <reporter-output>
          </reporter-output>
        </test-method> <!-- tearDown -->
        <test-method status="PASS" signature="setUp()[pri:0, instance:com.qa.testcases.LoginTest@25bbe1b6]" name="setUp" is-config="true" duration-ms="20049" started-at="2020-02-08T17:12:09Z" finished-at="2020-02-08T17:12:29Z">
          <reporter-output>
          </reporter-output>
        </test-method> <!-- setUp -->
        <test-method status="PASS" signature="verifyPageTitle()[pri:0, instance:com.qa.testcases.LoginTest@25bbe1b6]" name="verifyPageTitle" duration-ms="38" started-at="2020-02-08T17:12:29Z" finished-at="2020-02-08T17:12:29Z">
          <reporter-output>
          </reporter-output>
        </test-method> <!-- verifyPageTitle -->
        <test-method status="PASS" signature="tearDown()[pri:0, instance:com.qa.testcases.LoginTest@25bbe1b6]" name="tearDown" is-config="true" duration-ms="186" started-at="2020-02-08T17:12:30Z" finished-at="2020-02-08T17:12:30Z">
          <reporter-output>
          </reporter-output>
        </test-method> <!-- tearDown -->
      </class> <!-- com.qa.testcases.LoginTest -->
    </test> <!-- FreeCRM -->
  </suite> <!-- FreeCRMUI -->
</testng-results>
